::1 - - [Thu, 20 Apr 2017 17:07:05 GMT] "GET / HTTP/1.1" 500 1348 "-" "Mozilla/5.0 (Windows NT 10.0; WOW64) AppleWebKit/537.36 (KHTML, like Gecko) Chrome/57.0.2987.110 Safari/537.36"
::1 - - [Thu, 20 Apr 2017 17:07:05 GMT] "GET /favicon.ico HTTP/1.1" 500 1386 "http://localhost:3001/" "Mozilla/5.0 (Windows NT 10.0; WOW64) AppleWebKit/537.36 (KHTML, like Gecko) Chrome/57.0.2987.110 Safari/537.36"
::1 - - [Thu, 20 Apr 2017 17:08:15 GMT] "GET / HTTP/1.1" 500 1677 "-" "Mozilla/5.0 (Windows NT 10.0; WOW64) AppleWebKit/537.36 (KHTML, like Gecko) Chrome/57.0.2987.110 Safari/537.36"
::1 - - [Thu, 20 Apr 2017 17:08:15 GMT] "GET /favicon.ico HTTP/1.1" 500 1677 "http://localhost:3001/" "Mozilla/5.0 (Windows NT 10.0; WOW64) AppleWebKit/537.36 (KHTML, like Gecko) Chrome/57.0.2987.110 Safari/537.36"
::1 - - [Thu, 20 Apr 2017 17:10:31 GMT] "GET / HTTP/1.1" 500 1309 "-" "Mozilla/5.0 (Windows NT 10.0; WOW64) AppleWebKit/537.36 (KHTML, like Gecko) Chrome/57.0.2987.110 Safari/537.36"
::1 - - [Thu, 20 Apr 2017 17:10:31 GMT] "GET /favicon.ico HTTP/1.1" 500 1309 "http://localhost:3001/" "Mozilla/5.0 (Windows NT 10.0; WOW64) AppleWebKit/537.36 (KHTML, like Gecko) Chrome/57.0.2987.110 Safari/537.36"
::1 - - [Thu, 20 Apr 2017 17:11:02 GMT] "GET / HTTP/1.1" 500 1304 "-" "Mozilla/5.0 (Windows NT 10.0; WOW64) AppleWebKit/537.36 (KHTML, like Gecko) Chrome/57.0.2987.110 Safari/537.36"
::1 - - [Thu, 20 Apr 2017 17:11:02 GMT] "GET /favicon.ico HTTP/1.1" 500 1304 "http://localhost:3001/" "Mozilla/5.0 (Windows NT 10.0; WOW64) AppleWebKit/537.36 (KHTML, like Gecko) Chrome/57.0.2987.110 Safari/537.36"
::1 - - [Thu, 20 Apr 2017 17:11:36 GMT] "GET / HTTP/1.1" 500 1378 "-" "Mozilla/5.0 (Windows NT 10.0; WOW64) AppleWebKit/537.36 (KHTML, like Gecko) Chrome/57.0.2987.110 Safari/537.36"
::1 - - [Thu, 20 Apr 2017 17:11:36 GMT] "GET /favicon.ico HTTP/1.1" 500 1378 "http://localhost:3001/" "Mozilla/5.0 (Windows NT 10.0; WOW64) AppleWebKit/537.36 (KHTML, like Gecko) Chrome/57.0.2987.110 Safari/537.36"
::1 - - [Thu, 20 Apr 2017 17:12:19 GMT] "GET / HTTP/1.1" 500 2184 "-" "Mozilla/5.0 (Windows NT 10.0; WOW64) AppleWebKit/537.36 (KHTML, like Gecko) Chrome/57.0.2987.110 Safari/537.36"
::1 - - [Thu, 20 Apr 2017 17:12:19 GMT] "GET /favicon.ico HTTP/1.1" 500 2182 "http://localhost:3001/" "Mozilla/5.0 (Windows NT 10.0; WOW64) AppleWebKit/537.36 (KHTML, like Gecko) Chrome/57.0.2987.110 Safari/537.36"
::1 - - [Thu, 20 Apr 2017 17:13:49 GMT] "GET / HTTP/1.1" 200 2695 "-" "Mozilla/5.0 (Windows NT 10.0; WOW64) AppleWebKit/537.36 (KHTML, like Gecko) Chrome/57.0.2987.110 Safari/537.36"
::1 - - [Thu, 20 Apr 2017 17:13:49 GMT] "GET /stylesheets/normalize.css HTTP/1.1" 304 - "http://localhost:3001/" "Mozilla/5.0 (Windows NT 10.0; WOW64) AppleWebKit/537.36 (KHTML, like Gecko) Chrome/57.0.2987.110 Safari/537.36"
::1 - - [Thu, 20 Apr 2017 17:13:49 GMT] "GET /stylesheets/bootstrap.min.css HTTP/1.1" 304 - "http://localhost:3001/" "Mozilla/5.0 (Windows NT 10.0; WOW64) AppleWebKit/537.36 (KHTML, like Gecko) Chrome/57.0.2987.110 Safari/537.36"
::1 - - [Thu, 20 Apr 2017 17:13:49 GMT] "GET /javascripts/kindEditor.js HTTP/1.1" 304 - "http://localhost:3001/" "Mozilla/5.0 (Windows NT 10.0; WOW64) AppleWebKit/537.36 (KHTML, like Gecko) Chrome/57.0.2987.110 Safari/537.36"
::1 - - [Thu, 20 Apr 2017 17:13:49 GMT] "GET /stylesheets/whole.css HTTP/1.1" 304 - "http://localhost:3001/" "Mozilla/5.0 (Windows NT 10.0; WOW64) AppleWebKit/537.36 (KHTML, like Gecko) Chrome/57.0.2987.110 Safari/537.36"
::1 - - [Thu, 20 Apr 2017 17:13:49 GMT] "GET /kindEditor/kindeditor-min.js HTTP/1.1" 304 - "http://localhost:3001/" "Mozilla/5.0 (Windows NT 10.0; WOW64) AppleWebKit/537.36 (KHTML, like Gecko) Chrome/57.0.2987.110 Safari/537.36"
::1 - - [Thu, 20 Apr 2017 17:13:49 GMT] "GET /kindEditor/lang/zh_CN.js HTTP/1.1" 304 - "http://localhost:3001/" "Mozilla/5.0 (Windows NT 10.0; WOW64) AppleWebKit/537.36 (KHTML, like Gecko) Chrome/57.0.2987.110 Safari/537.36"
::1 - - [Thu, 20 Apr 2017 17:13:49 GMT] "GET /javascripts/browser.js HTTP/1.1" 304 - "http://localhost:3001/" "Mozilla/5.0 (Windows NT 10.0; WOW64) AppleWebKit/537.36 (KHTML, like Gecko) Chrome/57.0.2987.110 Safari/537.36"
::1 - - [Thu, 20 Apr 2017 17:13:50 GMT] "GET /kindEditor/themes/default/default.css HTTP/1.1" 304 - "http://localhost:3001/" "Mozilla/5.0 (Windows NT 10.0; WOW64) AppleWebKit/537.36 (KHTML, like Gecko) Chrome/57.0.2987.110 Safari/537.36"
::1 - - [Thu, 20 Apr 2017 17:13:50 GMT] "GET /images/Bg.png HTTP/1.1" 304 - "http://localhost:3001/stylesheets/whole.css" "Mozilla/5.0 (Windows NT 10.0; WOW64) AppleWebKit/537.36 (KHTML, like Gecko) Chrome/57.0.2987.110 Safari/537.36"
::1 - - [Thu, 20 Apr 2017 17:13:50 GMT] "GET /fonts/glyphicons-halflings-regular.woff2 HTTP/1.1" 304 - "http://localhost:3001/stylesheets/bootstrap.min.css" "Mozilla/5.0 (Windows NT 10.0; WOW64) AppleWebKit/537.36 (KHTML, like Gecko) Chrome/57.0.2987.110 Safari/537.36"
::1 - - [Thu, 20 Apr 2017 17:13:50 GMT] "GET /favicon.ico HTTP/1.1" 200 360 "http://localhost:3001/" "Mozilla/5.0 (Windows NT 10.0; WOW64) AppleWebKit/537.36 (KHTML, like Gecko) Chrome/57.0.2987.110 Safari/537.36"
::1 - - [Thu, 20 Apr 2017 17:13:54 GMT] "GET /u/a/2017_4_21/a HTTP/1.1" 200 3072 "http://localhost:3001/" "Mozilla/5.0 (Windows NT 10.0; WOW64) AppleWebKit/537.36 (KHTML, like Gecko) Chrome/57.0.2987.110 Safari/537.36"
::1 - - [Thu, 20 Apr 2017 17:13:54 GMT] "GET /stylesheets/normalize.css HTTP/1.1" 304 - "http://localhost:3001/u/a/2017_4_21/a" "Mozilla/5.0 (Windows NT 10.0; WOW64) AppleWebKit/537.36 (KHTML, like Gecko) Chrome/57.0.2987.110 Safari/537.36"
::1 - - [Thu, 20 Apr 2017 17:13:54 GMT] "GET /stylesheets/whole.css HTTP/1.1" 304 - "http://localhost:3001/u/a/2017_4_21/a" "Mozilla/5.0 (Windows NT 10.0; WOW64) AppleWebKit/537.36 (KHTML, like Gecko) Chrome/57.0.2987.110 Safari/537.36"
::1 - - [Thu, 20 Apr 2017 17:13:54 GMT] "GET /kindEditor/kindeditor-min.js HTTP/1.1" 304 - "http://localhost:3001/u/a/2017_4_21/a" "Mozilla/5.0 (Windows NT 10.0; WOW64) AppleWebKit/537.36 (KHTML, like Gecko) Chrome/57.0.2987.110 Safari/537.36"
::1 - - [Thu, 20 Apr 2017 17:13:54 GMT] "GET /kindEditor/lang/zh_CN.js HTTP/1.1" 304 - "http://localhost:3001/u/a/2017_4_21/a" "Mozilla/5.0 (Windows NT 10.0; WOW64) AppleWebKit/537.36 (KHTML, like Gecko) Chrome/57.0.2987.110 Safari/537.36"
::1 - - [Thu, 20 Apr 2017 17:13:54 GMT] "GET /javascripts/kindEditor.js HTTP/1.1" 304 - "http://localhost:3001/u/a/2017_4_21/a" "Mozilla/5.0 (Windows NT 10.0; WOW64) AppleWebKit/537.36 (KHTML, like Gecko) Chrome/57.0.2987.110 Safari/537.36"
::1 - - [Thu, 20 Apr 2017 17:13:54 GMT] "GET /stylesheets/bootstrap.min.css HTTP/1.1" 304 - "http://localhost:3001/u/a/2017_4_21/a" "Mozilla/5.0 (Windows NT 10.0; WOW64) AppleWebKit/537.36 (KHTML, like Gecko) Chrome/57.0.2987.110 Safari/537.36"
::1 - - [Thu, 20 Apr 2017 17:13:54 GMT] "GET /javascripts/browser.js HTTP/1.1" 304 - "http://localhost:3001/u/a/2017_4_21/a" "Mozilla/5.0 (Windows NT 10.0; WOW64) AppleWebKit/537.36 (KHTML, like Gecko) Chrome/57.0.2987.110 Safari/537.36"
::1 - - [Thu, 20 Apr 2017 17:13:54 GMT] "GET /kindEditor/themes/default/default.css HTTP/1.1" 304 - "http://localhost:3001/u/a/2017_4_21/a" "Mozilla/5.0 (Windows NT 10.0; WOW64) AppleWebKit/537.36 (KHTML, like Gecko) Chrome/57.0.2987.110 Safari/537.36"
::1 - - [Thu, 20 Apr 2017 17:13:54 GMT] "GET /images/Bg.png HTTP/1.1" 304 - "http://localhost:3001/stylesheets/whole.css" "Mozilla/5.0 (Windows NT 10.0; WOW64) AppleWebKit/537.36 (KHTML, like Gecko) Chrome/57.0.2987.110 Safari/537.36"
::1 - - [Thu, 20 Apr 2017 17:13:54 GMT] "GET /fonts/glyphicons-halflings-regular.woff2 HTTP/1.1" 304 - "http://localhost:3001/stylesheets/bootstrap.min.css" "Mozilla/5.0 (Windows NT 10.0; WOW64) AppleWebKit/537.36 (KHTML, like Gecko) Chrome/57.0.2987.110 Safari/537.36"
::1 - - [Thu, 20 Apr 2017 17:13:54 GMT] "GET /favicon.ico HTTP/1.1" 304 - "http://localhost:3001/u/a/2017_4_21/a" "Mozilla/5.0 (Windows NT 10.0; WOW64) AppleWebKit/537.36 (KHTML, like Gecko) Chrome/57.0.2987.110 Safari/537.36"
